mode: set
github.com/bhargavakumark/gmail-download/action.go:36.78,37.52 1 0
github.com/bhargavakumark/gmail-download/action.go:37.52,39.3 1 0
github.com/bhargavakumark/gmail-download/action.go:41.2,56.16 11 0
github.com/bhargavakumark/gmail-download/action.go:56.16,58.3 1 0
github.com/bhargavakumark/gmail-download/action.go:60.2,61.12 2 0
github.com/bhargavakumark/gmail-download/action.go:64.73,69.2 3 1
github.com/bhargavakumark/gmail-download/action.go:71.44,80.33 2 1
github.com/bhargavakumark/gmail-download/action.go:80.33,81.65 1 1
github.com/bhargavakumark/gmail-download/action.go:81.65,83.4 1 1
github.com/bhargavakumark/gmail-download/action.go:87.2,88.18 2 1
github.com/bhargavakumark/gmail-download/action.go:91.84,93.45 2 0
github.com/bhargavakumark/gmail-download/action.go:93.45,96.7 3 0
github.com/bhargavakumark/gmail-download/action.go:96.7,98.18 2 0
github.com/bhargavakumark/gmail-download/action.go:98.18,100.10 2 0
github.com/bhargavakumark/gmail-download/action.go:103.4,103.38 1 0
github.com/bhargavakumark/gmail-download/action.go:103.38,105.19 2 0
github.com/bhargavakumark/gmail-download/action.go:105.19,107.14 2 0
github.com/bhargavakumark/gmail-download/action.go:111.5,112.46 2 0
github.com/bhargavakumark/gmail-download/action.go:112.46,113.31 1 0
github.com/bhargavakumark/gmail-download/action.go:113.31,115.12 2 0
github.com/bhargavakumark/gmail-download/action.go:119.5,119.24 1 0
github.com/bhargavakumark/gmail-download/action.go:119.24,120.43 1 0
github.com/bhargavakumark/gmail-download/action.go:120.43,121.62 1 0
github.com/bhargavakumark/gmail-download/action.go:121.62,122.16 1 0
github.com/bhargavakumark/gmail-download/action.go:125.7,125.44 1 0
github.com/bhargavakumark/gmail-download/action.go:125.44,127.22 2 0
github.com/bhargavakumark/gmail-download/action.go:127.22,129.17 2 0
github.com/bhargavakumark/gmail-download/action.go:131.8,131.20 1 0
github.com/bhargavakumark/gmail-download/action.go:131.20,132.17 1 0
github.com/bhargavakumark/gmail-download/action.go:136.7,137.21 2 0
github.com/bhargavakumark/gmail-download/action.go:137.21,139.16 2 0
github.com/bhargavakumark/gmail-download/action.go:142.7,143.21 2 0
github.com/bhargavakumark/gmail-download/action.go:143.21,145.16 2 0
github.com/bhargavakumark/gmail-download/action.go:148.7,149.20 2 0
github.com/bhargavakumark/gmail-download/action.go:149.20,151.8 1 0
github.com/bhargavakumark/gmail-download/action.go:152.7,152.53 1 0
github.com/bhargavakumark/gmail-download/action.go:152.53,154.8 1 0
github.com/bhargavakumark/gmail-download/action.go:157.7,158.39 2 0
github.com/bhargavakumark/gmail-download/action.go:158.39,160.8 1 0
github.com/bhargavakumark/gmail-download/action.go:162.7,163.64 2 0
github.com/bhargavakumark/gmail-download/action.go:163.64,165.16 2 0
github.com/bhargavakumark/gmail-download/action.go:167.7,169.85 2 0
github.com/bhargavakumark/gmail-download/action.go:169.85,174.22 5 0
github.com/bhargavakumark/gmail-download/action.go:174.22,176.9 1 0
github.com/bhargavakumark/gmail-download/action.go:177.8,177.62 1 0
github.com/bhargavakumark/gmail-download/action.go:182.5,182.25 1 0
github.com/bhargavakumark/gmail-download/action.go:182.25,184.47 2 0
github.com/bhargavakumark/gmail-download/action.go:184.47,185.32 1 0
github.com/bhargavakumark/gmail-download/action.go:185.32,187.13 2 0
github.com/bhargavakumark/gmail-download/action.go:192.6,193.47 2 0
github.com/bhargavakumark/gmail-download/action.go:193.47,194.35 1 0
github.com/bhargavakumark/gmail-download/action.go:194.35,196.13 2 0
github.com/bhargavakumark/gmail-download/action.go:201.6,202.60 2 0
github.com/bhargavakumark/gmail-download/action.go:202.60,204.21 2 0
github.com/bhargavakumark/gmail-download/action.go:204.21,206.8 1 0
github.com/bhargavakumark/gmail-download/action.go:208.7,209.21 2 0
github.com/bhargavakumark/gmail-download/action.go:209.21,211.8 1 0
github.com/bhargavakumark/gmail-download/action.go:215.5,215.26 1 0
github.com/bhargavakumark/gmail-download/action.go:215.26,219.20 2 0
github.com/bhargavakumark/gmail-download/action.go:219.20,221.7 1 0
github.com/bhargavakumark/gmail-download/action.go:224.5,224.22 1 0
github.com/bhargavakumark/gmail-download/action.go:224.22,226.79 2 0
github.com/bhargavakumark/gmail-download/action.go:226.79,228.7 1 0
github.com/bhargavakumark/gmail-download/action.go:233.4,234.27 2 0
github.com/bhargavakumark/gmail-download/action.go:234.27,235.10 1 0
github.com/bhargavakumark/gmail-download/client.go:19.52,25.16 3 0
github.com/bhargavakumark/gmail-download/client.go:25.16,28.3 2 0
github.com/bhargavakumark/gmail-download/client.go:29.2,29.49 1 0
github.com/bhargavakumark/gmail-download/client.go:34.59,45.16 6 0
github.com/bhargavakumark/gmail-download/client.go:45.16,47.3 1 0
github.com/bhargavakumark/gmail-download/client.go:49.2,50.75 2 0
github.com/bhargavakumark/gmail-download/client.go:50.75,52.17 2 0
github.com/bhargavakumark/gmail-download/client.go:52.17,56.4 3 0
github.com/bhargavakumark/gmail-download/client.go:58.3,69.5 4 0
github.com/bhargavakumark/gmail-download/client.go:72.2,79.12 2 0
github.com/bhargavakumark/gmail-download/client.go:79.12,80.79 1 0
github.com/bhargavakumark/gmail-download/client.go:80.79,82.4 1 0
github.com/bhargavakumark/gmail-download/client.go:83.3,83.19 1 0
github.com/bhargavakumark/gmail-download/client.go:87.2,96.9 6 0
github.com/bhargavakumark/gmail-download/client.go:97.29,101.23 3 0
github.com/bhargavakumark/gmail-download/client.go:102.26,104.45 2 0
github.com/bhargavakumark/gmail-download/client.go:105.37,107.77 2 0
github.com/bhargavakumark/gmail-download/client.go:111.2,112.16 2 0
github.com/bhargavakumark/gmail-download/client.go:112.16,114.3 1 0
github.com/bhargavakumark/gmail-download/client.go:115.2,115.12 1 0
github.com/bhargavakumark/gmail-download/client.go:119.30,121.22 2 0
github.com/bhargavakumark/gmail-download/client.go:122.17,125.17 2 0
github.com/bhargavakumark/gmail-download/client.go:125.17,127.4 1 0
github.com/bhargavakumark/gmail-download/client.go:128.16,130.59 1 0
github.com/bhargavakumark/gmail-download/client.go:131.15,134.17 2 0
github.com/bhargavakumark/gmail-download/client.go:134.17,136.4 1 0
github.com/bhargavakumark/gmail-download/client.go:137.10,138.61 1 0
github.com/bhargavakumark/gmail-download/client.go:140.2,140.16 1 0
github.com/bhargavakumark/gmail-download/client.go:140.16,144.3 2 0
github.com/bhargavakumark/gmail-download/client.go:148.56,150.16 2 1
github.com/bhargavakumark/gmail-download/client.go:150.16,152.3 1 1
github.com/bhargavakumark/gmail-download/client.go:153.2,156.17 4 1
github.com/bhargavakumark/gmail-download/client.go:160.50,163.16 3 1
github.com/bhargavakumark/gmail-download/client.go:163.16,165.3 1 0
github.com/bhargavakumark/gmail-download/client.go:166.2,167.34 2 1
github.com/bhargavakumark/gmail-download/main.go:18.51,20.16 2 1
github.com/bhargavakumark/gmail-download/main.go:20.16,22.3 1 1
github.com/bhargavakumark/gmail-download/main.go:24.2,25.54 2 1
github.com/bhargavakumark/gmail-download/main.go:25.54,27.3 1 1
github.com/bhargavakumark/gmail-download/main.go:29.2,29.21 1 1
github.com/bhargavakumark/gmail-download/main.go:32.13,33.47 1 0
github.com/bhargavakumark/gmail-download/main.go:33.47,35.3 1 0
github.com/bhargavakumark/gmail-download/main.go:37.2,38.18 2 0
github.com/bhargavakumark/gmail-download/main.go:38.18,40.3 1 0
github.com/bhargavakumark/gmail-download/main.go:42.2,43.22 2 0
github.com/bhargavakumark/gmail-download/main.go:43.22,45.3 1 0
github.com/bhargavakumark/gmail-download/main.go:47.2,50.16 3 0
github.com/bhargavakumark/gmail-download/main.go:50.16,52.3 1 0
github.com/bhargavakumark/gmail-download/main.go:54.2,56.56 3 0
github.com/bhargavakumark/gmail-download/main.go:56.56,57.46 1 0
github.com/bhargavakumark/gmail-download/main.go:57.46,58.21 1 0
github.com/bhargavakumark/gmail-download/main.go:58.21,60.10 2 0
github.com/bhargavakumark/gmail-download/main.go:62.4,62.25 1 0
github.com/bhargavakumark/gmail-download/main.go:62.25,64.10 2 0
github.com/bhargavakumark/gmail-download/main.go:68.2,72.16 3 0
github.com/bhargavakumark/gmail-download/main.go:72.16,74.3 1 0
github.com/bhargavakumark/gmail-download/main.go:77.2,78.15 2 0
github.com/bhargavakumark/gmail-download/main.go:78.15,80.3 1 0
github.com/bhargavakumark/gmail-download/main.go:81.2,81.15 1 0
github.com/bhargavakumark/gmail-download/main.go:81.15,83.3 1 0
github.com/bhargavakumark/gmail-download/main.go:84.2,85.16 2 0
github.com/bhargavakumark/gmail-download/main.go:85.16,87.3 1 0
github.com/bhargavakumark/gmail-download/main.go:89.2,93.16 3 0
github.com/bhargavakumark/gmail-download/main.go:93.16,95.3 1 0
github.com/bhargavakumark/gmail-download/main.go:97.2,97.56 1 0
github.com/bhargavakumark/gmail-download/main.go:97.56,99.3 1 0
